make all --print-data-base --no-builtin-variables --no-builtin-rules --question
make: *** No rule to make target 'srcs/main.o', needed by 'pipex'.  Stop.

# GNU Make 4.3
# Built for x86_64-pc-linux-gnu
# Copyright (C) 1988-2020 Free Software Foundation, Inc.
# License GPLv3+: GNU GPL version 3 or later <http://gnu.org/licenses/gpl.html>
# This is free software: you are free to change and redistribute it.
# There is NO WARRANTY, to the extent permitted by law.

# Make data base, printed on Wed Mar 30 17:05:49 2022

# Variables

# environment
GDK_BACKEND = x11
# environment
LC_ALL = C
# environment
GTK_RC_FILES = /etc/gtk/gtkrc:/home/faguilar/.gtkrc:/home/faguilar/.config/gtkrc
# environment
VSCODE_IPC_HOOK_EXTHOST = /run/user/1000/vscode-ipc-288ac951-deba-4af8-94fd-8465ceed9269.sock
# environment
LC_NAME = pt_BR.UTF-8
# environment
LC_NUMERIC = pt_BR.UTF-8
# environment
VSCODE_CWD = /home/faguilar
# makefile (from 'Makefile', line 7)
LIBS = include/*.h libft/libft.a ft_printf/ft_printf.a
# environment
LC_ADDRESS = pt_BR.UTF-8
# environment
LIBVIRT_DEFAULT_URI = qemu:///system
# default
MAKE_COMMAND := make
# environment
QT_ACCESSIBILITY = 1
# automatic
@D = $(patsubst %/,%,$(dir $@))
# environment
VSCODE_HANDLES_UNCAUGHT_ERRORS = true
# default
.VARIABLES := 
# environment
PWD = /home/faguilar/Coding/42/pipex
# automatic
%D = $(patsubst %/,%,$(dir $%))
# environment
XDG_DATA_DIRS = /usr/share/plasma:/home/faguilar/.local/share/flatpak/exports/share:/var/lib/flatpak/exports/share:/usr/local/share:/usr/share:/var/lib/snapd/desktop
# automatic
^D = $(patsubst %/,%,$(dir $^))
# environment
VSCODE_LOG_STACK = false
# automatic
%F = $(notdir $%)
# environment
VSCODE_CODE_CACHE_PATH = /home/faguilar/.config/Code/CachedData/c722ca6c7eed3d7987c0d5c3df5c45f6b15e77d1
# environment
XDG_SESSION_PATH = /org/freedesktop/DisplayManager/Session1
# environment
LANG = C
# environment
XAUTHORITY = /home/faguilar/.Xauthority
# default
.LOADED := 
# default
.INCLUDE_DIRS = /usr/local/include /usr/include /usr/include
# makefile
MAKEFLAGS = pqrR
# makefile
CURDIR := /home/faguilar/Coding/42/pipex
# environment
VSCODE_PIPE_LOGGING = true
# environment
APPLICATION_INSIGHTS_NO_DIAGNOSTIC_CHANNEL = 1
# makefile (from 'Makefile', line 10)
SRCS = $(SRCS_PATH)/main.c $(SRCS_PATH)/farewell.c $(SRCS_PATH)/utils.c
# automatic
*D = $(patsubst %/,%,$(dir $*))
# environment
PAM_KWALLET5_LOGIN = /run/user/1000/kwallet5.socket
# environment
MFLAGS = -pqrR
# environment
SSH_AUTH_SOCK = /tmp/ssh-oLq0GAjeBoAb/agent.1537
# default
.SHELLFLAGS := -c
# environment
XDG_CONFIG_DIRS = /home/faguilar/.config/kdedefaults:/etc/xdg/xdg-plasma:/etc/xdg:/usr/share/kubuntu-default-settings/kf5-settings
# automatic
+D = $(patsubst %/,%,$(dir $+))
# environment
XCURSOR_THEME = breeze_cursors
# environment
XDG_SESSION_DESKTOP = KDE
# makefile (from 'Makefile', line 1)
MAKEFILE_LIST := Makefile
# automatic
@F = $(notdir $@)
# environment
VSCODE_VERBOSE_LOGGING = true
# environment
VSCODE_PID = 6704
# environment
XDG_SESSION_TYPE = x11
# automatic
?D = $(patsubst %/,%,$(dir $?))
# environment
SESSION_MANAGER = local/17Z90P:@/tmp/.ICE-unix/1819,unix/17Z90P:/tmp/.ICE-unix/1819
# automatic
*F = $(notdir $*)
# environment
CHROME_DESKTOP = code-url-handler.desktop
# environment
DBUS_SESSION_BUS_ADDRESS = unix:path=/run/user/1000/bus
# automatic
<D = $(patsubst %/,%,$(dir $<))
# makefile (from 'Makefile', line 9)
SRCS_PATH = ./srcs
# environment
VSCODE_NLS_CONFIG = {"locale":"en-us","availableLanguages":{},"_languagePackSupport":true}
# makefile (from 'Makefile', line 6)
INCLUDE = -Iinclude
# default
MAKE_HOST := x86_64-pc-linux-gnu
# makefile (from 'Makefile', line 13)
OBJS = ${SRCS:%.c=%.o}
# makefile
SHELL = /bin/sh
# default
MAKECMDGOALS := all
# environment
XMODIFIERS = @im=ibus
# environment
SHLVL = 0
# environment
MAKELEVEL := 0
# default
MAKE = $(MAKE_COMMAND)
# environment
PATH = /home/faguilar/.local/bin:/home/faguilar/.local/bin:/home/faguilar/.local/bin:/usr/local/sbin:/usr/local/bin:/usr/sbin:/usr/bin:/sbin:/bin:/usr/games:/usr/local/games:/snap/bin
# default
MAKEFILES := 
# environment
LC_MONETARY = pt_BR.UTF-8
# automatic
^F = $(notdir $^)
# environment
LC_TIME = pt_BR.UTF-8
# environment
VSCODE_LOG_NATIVE = false
# environment
LC_TELEPHONE = pt_BR.UTF-8
# automatic
?F = $(notdir $?)
# environment
KDE_APPLICATIONS_AS_SCOPE = 1
# makefile (from 'Makefile', line 1)
NAME = pipex
# environment
XDG_SEAT = seat0
# environment
GTK_IM_MODULE = ibus
# environment
XDG_CURRENT_DESKTOP = KDE
# automatic
+F = $(notdir $+)
# environment
XDG_SEAT_PATH = /org/freedesktop/DisplayManager/Seat0
# environment
DESKTOP_SESSION = plasma
# environment
ORIGINAL_XDG_CURRENT_DESKTOP = KDE
# 'override' directive
GNUMAKEFLAGS := 
# environment
CLUTTER_IM_MODULE = ibus
# environment
LOGNAME = faguilar
# environment
XDG_VTNR = 1
# makefile
.DEFAULT_GOAL := all
# environment
SYSTEMD_EXEC_PID = 1514
# environment
HISTCONTROL = ignoreboth:erasedups
# environment
DISPLAY = :0
# environment
USER = faguilar
# default
MAKE_VERSION := 4.3
# environment
KDE_SESSION_UID = 1000
# makefile (from 'Makefile', line 5)
LIB_FLAGS = -Llibft -lft -g
# environment
LC_MEASUREMENT = pt_BR.UTF-8
# environment
SSH_AGENT_PID = 1608
# environment
_ = /usr/share/code/code
# environment
LC_PAPER = pt_BR.UTF-8
# environment
XDG_RUNTIME_DIR = /run/user/1000
# environment
GPG_AGENT_INFO = /run/user/1000/gnupg/S.gpg-agent:0:1
# environment
LC_CTYPE = pt_BR.UTF-8
# environment
XDG_SESSION_CLASS = user
# environment
VSCODE_AMD_ENTRYPOINT = vs/workbench/api/node/extensionHostProcess
# environment
GTK2_RC_FILES = /etc/gtk-2.0/gtkrc:/home/faguilar/.gtkrc-2.0:/home/faguilar/.config/gtkrc-2.0
# environment
HOME = /home/faguilar
# environment
QT_IM_MODULE = ibus
# environment
ELECTRON_RUN_AS_NODE = 1
# environment
VSCODE_IPC_HOOK = /run/user/1000/vscode-d97178ec-1.65.2-main.sock
# environment
XDG_SESSION_ID = 3
# environment
XCURSOR_SIZE = 24
# environment
IM_CONFIG_PHASE = 1
# default
.RECIPEPREFIX := 
# automatic
<F = $(notdir $<)
# default
SUFFIXES := 
# environment
QT_AUTO_SCREEN_SCALE_FACTOR = 0
# environment
KDE_SESSION_VERSION = 5
# default
.FEATURES := target-specific order-only second-expansion else-if shortest-stem undefine oneshell nocomment grouped-target extra-prereqs archives jobserver output-sync check-symlink load
# makefile (from 'Makefile', line 2)
CC = gcc
# environment
KDE_FULL_SESSION = true
# environment
LC_IDENTIFICATION = pt_BR.UTF-8
# variable set hash-table stats:
# Load=118/1024=12%, Rehash=0, Collisions=6/161=4%

# Pattern-specific Variable Values

# No pattern-specific variable values.

# Directories

# include (device 66311, inode 8138580): 3 files, no impossibilities.
# . (device 66311, inode 8007987): 14 files, no impossibilities.

# 17 files, no impossibilities in 2 directories.

# Implicit Rules

# No implicit rules.

# Files

# Not a target:
srcs/main.o:
#  Implicit rule search has been done.
#  File does not exist.
#  File has not been updated.

# Not a target:
Makefile:
#  Implicit rule search has been done.
#  Last modified 2022-03-30 17:05:24.977001754
#  File has been updated.
#  Successfully updated.

pipex: srcs/main.c srcs/farewell.c srcs/utils.c include/pipex.h libft/libft.a ft_printf/ft_printf.a srcs/main.o srcs/farewell.o srcs/utils.o
#  Implicit rule search has not been done.
#  Last modified 2022-03-30 17:02:09.364926628
#  File has not been updated.
#  recipe to execute (from 'Makefile', line 18):
	$(CC) $(FLAGS) -o $(NAME) $(SRCS) $(LIB_FLAGS) $(INCLUDE)

libft/libft.a:
#  Implicit rule search has not been done.
#  Last modified 2022-03-30 17:02:09.208927321
#  File has been updated.
#  Successfully updated.
#  recipe to execute (from 'Makefile', line 21):
	make -C libft
	make -C ft_printf

clean:
#  Phony target (prerequisite of .PHONY).
#  Implicit rule search has not been done.
#  File does not exist.
#  File has not been updated.
 
#  recipe to execute (from 'Makefile', line 25):
	make -C libft/ clean
	make -C ft_printf/ clean
	rm -rf $(OBJS)

ft_printf/ft_printf.a:
#  Implicit rule search has not been done.
#  Last modified 2022-03-30 17:02:09.316926841
#  File has been updated.
#  Successfully updated.
#  recipe to execute (from 'Makefile', line 21):
	make -C libft
	make -C ft_printf

# Not a target:
srcs/utils.c:
#  Implicit rule search has been done.
#  Last modified 2022-01-08 13:15:25.016779531
#  File has been updated.
#  Successfully updated.

include/pipex.h:
#  Implicit rule search has not been done.
#  Last modified 2022-03-30 16:55:25.363683967
#  File has been updated.
#  Successfully updated.
#  recipe to execute (from 'Makefile', line 21):
	make -C libft
	make -C ft_printf

re: fclean all
#  Phony target (prerequisite of .PHONY).
#  Implicit rule search has not been done.
#  File does not exist.
#  File has not been updated.

# Not a target:
srcs/farewell.o:
#  Implicit rule search has not been done.
#  Modification time never checked.
#  File has not been updated.

# Not a target:
.DEFAULT:
#  Implicit rule search has not been done.
#  Modification time never checked.
#  File has not been updated.

all: pipex
#  Phony target (prerequisite of .PHONY).
#  Command line target.
#  Implicit rule search has not been done.
#  File does not exist.
#  File has not been updated.

fclean: clean
#  Phony target (prerequisite of .PHONY).
#  Implicit rule search has not been done.
#  File does not exist.
#  File has not been updated.
#  recipe to execute (from 'Makefile', line 30):
	make -C libft/ fclean
	make -C ft_printf/ fclean
	rm $(NAME)

# Not a target:
srcs/utils.o:
#  Implicit rule search has not been done.
#  Modification time never checked.
#  File has not been updated.

# Not a target:
srcs/farewell.c:
#  Implicit rule search has been done.
#  Last modified 2022-01-08 20:14:32.32275048
#  File has been updated.
#  Successfully updated.

.PHONY: all clean fclean re
#  Implicit rule search has not been done.
#  Modification time never checked.
#  File has not been updated.

# Not a target:
srcs/main.c:
#  Implicit rule search has been done.
#  Last modified 2022-01-12 16:36:34.990790228
#  File has been updated.
#  Successfully updated.

# files hash-table stats:
# Load=18/1024=2%, Rehash=0, Collisions=0/50=0%
# VPATH Search Paths

# No 'vpath' search paths.

# No general ('VPATH' variable) search path.

# strcache buffers: 1 (0) / strings = 33 / storage = 315 B / avg = 9 B
# current buf: size = 8162 B / used = 315 B / count = 33 / avg = 9 B

# strcache performance: lookups = 62 / hit rate = 46%
# hash-table stats:
# Load=33/8192=0%, Rehash=0, Collisions=0/62=0%
# Finished Make data base on Wed Mar 30 17:05:49 2022

 
